frontend/build/app/outputs/mapping/release/seeds.txt
io.flutter.embedding.engine.dart.DartMessenger: void invokeHandler(io.flutter.embedding.engine.dart.DartMessenger$HandlerInfo,java.nio.ByteBuffer,int)
com.pichillilorenzo.flutter_inappwebview.content_blocker.ContentBlockerHandler$1: void run()
com.pichillilorenzo.flutter_inappwebview.types.InAppWebViewInterface: java.util.HashMap getCopyBackForwardList()
io.flutter.plugins.urllauncher.WebViewActivity$FlutterWebChromeClient$1: WebViewActivity$FlutterWebChromeClient$1(io.flutter.plugins.urllauncher.WebViewActivity$FlutterWebChromeClient)
io.flutter.plugin.mouse.MouseCursorPlugin$1: void activateSystemCursor(java.lang.String)
io.flutter.plugin.platform.PlatformPlugin$2: void lambda$onSystemUiVisibilityChange$0(int)
com.pichillilorenzo.flutter_inappwebview.in_app_browser.InAppBrowserOptions: com.pichillilorenzo.flutter_inappwebview.in_app_browser.InAppBrowserOptions parse(java.util.Map)
io.flutter.embedding.engine.FlutterEngineConnectionRegistry$FlutterEngineServicePluginBinding: java.lang.Object getLifecycle()
androidx.fragment.app.Fragment: void onSaveInstanceState(android.os.Bundle)
io.flutter.embedding.engine.deferredcomponents.DeferredComponentManager: void loadAssets(int,java.lang.String)
org.chromium.support_lib_boundary.WebMessageBoundaryInterface: java.lang.reflect.InvocationHandler[] getPorts()
androidx.fragment.app.Fragment: void postponeEnterTransition()
androidx.appcompat.app.AppCompatActivity: void onSupportActionModeStarted(androidx.appcompat.view.ActionMode)
androidx.core.view.ViewCompat$Api15Impl: boolean hasOnClickListeners(android.view.View)
io.flutter.view.AccessibilityBridge: android.view.accessibility.AccessibilityEvent access$300(io.flutter.view.AccessibilityBridge,int,int)
androidx.appcompat.widget.ActionBarContextView: void setTitle(java.lang.CharSequence)
androidx.core.view.accessibility.AccessibilityRecordCompat$Api15Impl: void setMaxScrollY(android.view.accessibility.AccessibilityRecord,int)
io.flutter.embedding.engine.systemchannels.SettingsChannel$MessageBuilder: io.flutter.embedding.engine.systemchannels.SettingsChannel$MessageBuilder setBrieflyShowPassword(boolean)
com.pichillilorenzo.flutter_inappwebview.in_app_webview.FlutterWebView: void dispose()
androidx.appcompat.app.AppCompatActivity: void onStart()
io.flutter.plugin.platform.PlatformPlugin: void setSystemChromeChangeListener()
io.flutter.plugin.platform.PlatformViewWrapper: void unsetOnDescendantFocusChangeListener()
io.flutter.embedding.android.KeyboardMap$1: KeyboardMap$1()
com.pichillilorenzo.flutter_inappwebview.in_app_webview.InAppWebView: android.view.ActionMode rebuildActionMode(android.view.ActionMode,android.view.ActionMode$Callback)
androidx.window.layout.FoldingFeature$State: java.lang.String toString()
io.flutter.view.AccessibilityBridge$CustomAccessibilityAction: int access$3702(io.flutter.view.AccessibilityBridge$CustomAccessibilityAction,int)
io.flutter.view.AccessibilityBridge$SemanticsNode: int access$2100(io.flutter.view.AccessibilityBridge$SemanticsNode)
androidx.appcompat.widget.AppCompatCheckBox: void setButtonDrawable(int)
io.flutter.embedding.engine.plugins.lifecycle.FlutterLifecycleAdapter: androidx.lifecycle.Lifecycle getActivityLifecycle(io.flutter.embedding.engine.plugins.activity.ActivityPluginBinding)
com.pichillilorenzo.flutter_inappwebview.in_app_webview.InAppWebView$6: boolean onLongClick(android.view.View)
androidx.appcompat.app.AppCompatActivity: void onPostCreate(android.os.Bundle)
io.flutter.plugins.imagepicker.ImagePickerPlugin: void onAttachedToEngine(io.flutter.embedding.engine.plugins.FlutterPlugin$FlutterPluginBinding)
io.flutter.plugin.platform.PlatformViewsController: void attachTextInputPlugin(io.flutter.plugin.editing.TextInputPlugin)
io.flutter.embedding.engine.renderer.FlutterRenderer: void access$600(io.flutter.embedding.engine.renderer.FlutterRenderer,long)
io.flutter.embedding.engine.loader.FlutterLoader: void ensureInitializationComplete(android.content.Context,java.lang.String[])