frontend/build/app/outputs/mapping/release/mapping.txt
# compiler: R8
# compiler_version: 3.1.66
# min_api: 19
# pg_map_id: 96d4211
# common_typos_disable
# {"id":"com.android.tools.r8.mapping","version":"1.0"}
...
androidx.core.content.res.FontResourcesParserCompat -> v.e:
    int getType(android.content.res.TypedArray,int) -> a
    androidx.core.content.res.FontResourcesParserCompat$FamilyResourceEntry parse(org.xmlpull.v1.XmlPullParser,android.content.res.Resources) -> b
    java.util.List readCerts(android.content.res.Resources,int) -> c
    androidx.core.content.res.FontResourcesParserCompat$FamilyResourceEntry readFamilies(org.xmlpull.v1.XmlPullParser,android.content.res.Resources) -> d
    androidx.core.content.res.FontResourcesParserCompat$FamilyResourceEntry readFamily(org.xmlpull.v1.XmlPullParser,android.content.res.Resources) -> e
    androidx.core.content.res.FontResourcesParserCompat$FontFileResourceEntry readFont(org.xmlpull.v1.XmlPullParser,android.content.res.Resources) -> f
    void skip(org.xmlpull.v1.XmlPullParser) -> g
    java.util.List toByteArrayList(java.lang.String[]) -> h
androidx.core.content.res.FontResourcesParserCompat$Api21Impl -> v.e$a:
    int getType(android.content.res.TypedArray,int) -> a
androidx.core.content.res.FontResourcesParserCompat$FamilyResourceEntry -> v.e$b:
androidx.core.content.res.FontResourcesParserCompat$FontFamilyFilesResourceEntry -> v.e$c:
    androidx.core.content.res.FontResourcesParserCompat$FontFileResourceEntry[] mEntries -> a
    androidx.core.content.res.FontResourcesParserCompat$FontFileResourceEntry[] getEntries() -> a
androidx.core.content.res.FontResourcesParserCompat$FontFileResourceEntry -> v.e$d:
    int mResourceId -> f
    java.lang.String mFileName -> a
    int mTtcIndex -> e
    int mWeight -> b
    boolean mItalic -> c
    java.lang.String mVariationSettings -> d
    java.lang.String getFileName() -> a
    int getResourceId() -> b
    int getTtcIndex() -> c
    java.lang.String getVariationSettings() -> d
    int getWeight() -> e
    boolean isItalic() -> f
androidx.core.content.res.FontResourcesParserCompat$ProviderResourceEntry -> v.e$e:
    androidx.core.provider.FontRequest mRequest -> a
    int mTimeoutMs -> b
    int mStrategy -> c
    java.lang.String mSystemFontFamilyName -> d
    int getFetchStrategy() -> a
    androidx.core.provider.FontRequest getRequest() -> b
    java.lang.String getSystemFontFamilyName() -> c
    int getTimeout() -> d
androidx.core.content.res.GradientColorInflaterCompat -> v.f:
    androidx.core.content.res.GradientColorInflaterCompat$ColorStops checkColors(androidx.core.content.res.GradientColorInflaterCompat$ColorStops,int,int,boolean,int) -> a
    android.graphics.Shader createFromXmlInner(android.content.res.Resources,org.xmlpull.v1.XmlPullParser,android.util.AttributeSet,android.content.res.Resources$Theme) -> b
    androidx.core.content.res.GradientColorInflaterCompat$ColorStops inflateChildElements(android.content.res.Resources,org.xmlpull.v1.XmlPullParser,android.util.AttributeSet,android.content.res.Resources$Theme) -> c
    android.graphics.Shader$TileMode parseTileMode(int) -> d
androidx.core.content.res.GradientColorInflaterCompat$ColorStops -> v.f$a:
    int[] mColors -> a
    float[] mOffsets -> b
androidx.core.content.res.GrowingArrayUtils -> v.g:
    int[] append(int[],int,int) -> a
    java.lang.Object[] append(java.lang.Object[],int,java.lang.Object) -> b
    int growSize(int) -> c