frontend/build/app/outputs/mapping/release/usage.txt
androidx.core.text.TextUtilsCompat$Api17Impl
androidx.core.text.TextUtilsCompat
androidx.core.text.util.FindAddress$ZipRange
androidx.core.text.util.FindAddress
androidx.core.text.util.LinkifyCompat$Api24Impl
androidx.core.text.util.LinkifyCompat$LinkSpec
androidx.core.text.util.LinkifyCompat$LinkifyMask
androidx.core.text.util.LinkifyCompat
androidx.core.util.AtomicFile
androidx.core.util.DebugUtils:
    private void <init>()
androidx.core.util.LogWriter
androidx.core.util.ObjectsCompat$Api19Impl:
    private void <init>()
androidx.core.util.ObjectsCompat:
    private void <init>()
    public static int hashCode(java.lang.Object)
    public static java.lang.Object requireNonNull(java.lang.Object)
    public static java.lang.String toString(java.lang.Object,java.lang.String)
androidx.core.util.Pair:
    public static androidx.core.util.Pair create(java.lang.Object,java.lang.Object)
androidx.core.util.PatternsCompat
androidx.core.util.Pools$Pool
androidx.core.util.Pools$SimplePool
androidx.core.util.Pools$SynchronizedPool
androidx.core.util.Pools
androidx.core.util.Preconditions:
    private void <init>()
    public static void checkArgument(boolean)
    public static varargs void checkArgument(boolean,java.lang.String,java.lang.Object[])
    public static float checkArgumentFinite(float,java.lang.String)
    public static double checkArgumentInRange(double,double,double,java.lang.String)
    public static float checkArgumentInRange(float,float,float,java.lang.String)
    public static long checkArgumentInRange(long,long,long,java.lang.String)
    public static void checkState(boolean)
    public static java.lang.CharSequence checkStringNotEmpty(java.lang.CharSequence)
    public static java.lang.CharSequence checkStringNotEmpty(java.lang.CharSequence,java.lang.Object)
    public static varargs java.lang.CharSequence checkStringNotEmpty(java.lang.CharSequence,java.lang.String,java.lang.Object[])
androidx.core.util.Predicate
androidx.core.util.SizeFCompat$Api21Impl
androidx.core.util.SizeFCompat
androidx.core.util.Supplier
androidx.core.util.TimeUtils
androidx.core.view.AccessibilityDelegateCompat$Api16Impl:
    private void <init>()
androidx.core.view.ActionProvider$SubUiVisibilityListener:
    public abstract void onSubUiVisibilityChanged(boolean)
androidx.core.view.ActionProvider:
    private static final java.lang.String TAG
    public android.content.Context getContext()
    public void refreshVisibility()
    public void subUiVisibilityChanged(boolean)
androidx.core.view.ContentInfoCompat$Api31Impl
androidx.core.view.ContentInfoCompat$Builder:
    public void <init>(androidx.core.view.ContentInfoCompat)
    public androidx.core.view.ContentInfoCompat$Builder setClip(android.content.ClipData)
    public androidx.core.view.ContentInfoCompat$Builder setSource(int)
androidx.core.view.ContentInfoCompat$BuilderCompat31Impl:
    void <init>(androidx.core.view.ContentInfoCompat)
    public void setClip(android.content.ClipData)
    public void setSource(int)
androidx.core.view.ContentInfoCompat$BuilderCompat:
    public abstract void setClip(android.content.ClipData)
    public abstract void setSource(int)
androidx.core.view.ContentInfoCompat$BuilderCompatImpl:
    void <init>(androidx.core.view.ContentInfoCompat)
    public void setClip(android.content.ClipData)
    public void setSource(int)
androidx.core.view.ContentInfoCompat$Compat31Impl:
    public android.os.Bundle getExtras()
    public android.net.Uri getLinkUri()
androidx.core.view.ContentInfoCompat$Compat:
    public abstract android.os.Bundle getExtras()
    public abstract android.net.Uri getLinkUri()
androidx.core.view.ContentInfoCompat$CompatImpl:
    public android.os.Bundle getExtras()
    public android.net.Uri getLinkUri()
androidx.core.view.ContentInfoCompat$Flags
androidx.core.view.ContentInfoCompat$Source